Using pre-set license
Built from '2020.3/china_unity/release' branch; Version is '2020.3.9f1c1 (ef65345766d1) revision 15689012'; Using compiler version '192528614'; Build Type 'Release'
OS: 'Windows 10 Pro; OS build 19045.2364; Version 2009; 64bit' Language: 'zh' Physical Memory: 16281 MB
BatchMode: 1, IsHumanControllingUs: 0, StartBugReporterOnCrash: 0, Is64bit: 1, IsPro: 0

 COMMAND LINE ARGUMENTS:
D:\Program Files\Unity\Editor\Unity.exe
-adb2
-batchMode
-noUpm
-name
AssetImportWorker0
-projectPath
H:/mod/moda/ModProject_SreUyw/ModProject/ModRes/ResBuildABProject
-logFile
Logs/AssetImportWorker0.log
-srvPort
63479
Successfully changed project path to: H:/mod/moda/ModProject_SreUyw/ModProject/ModRes/ResBuildABProject
H:/mod/moda/ModProject_SreUyw/ModProject/ModRes/ResBuildABProject
Using Asset Import Pipeline V2.
Refreshing native plugins compatible for Editor in 29.62 ms, found 1 plugins.
Preloading 0 native plugins for Editor in 0.00 ms.
Initialize engine version: 2020.3.9f1c1 (ef65345766d1)
[Subsystems] Discovering subsystems at path D:/Program Files/Unity/Editor/Data/Resources/UnitySubsystems
[Subsystems] Discovering subsystems at path H:/mod/moda/ModProject_SreUyw/ModProject/ModRes/ResBuildABProject/Assets
GfxDevice: creating device client; threaded=0
Direct3D:
    Version:  Direct3D 11.0 [level 11.0]
    Renderer: NVIDIA GeForce GTX 750 Ti (ID=0x1380)
    Vendor:   
    VRAM:     2006 MB
    Driver:   31.0.15.2756
Initialize mono
Mono path[0] = 'D:/Program Files/Unity/Editor/Data/Managed'
Mono path[1] = 'D:/Program Files/Unity/Editor/Data/MonoBleedingEdge/lib/mono/unityjit'
Mono config path = 'D:/Program Files/Unity/Editor/Data/MonoBleedingEdge/etc'
Using monoOptions --debugger-agent=transport=dt_socket,embedding=1,server=y,suspend=n,address=127.0.0.1:56968
Begin MonoManager ReloadAssembly
Registering precompiled unity dll's ...
Register platform support module: D:/Program Files/Unity/Editor/Data/PlaybackEngines/WindowsStandaloneSupport/UnityEditor.WindowsStandalone.Extensions.dll
Registered in 0.001013 seconds.
Native extension for WindowsStandalone target not found
Refreshing native plugins compatible for Editor in 29.98 ms, found 1 plugins.
Preloading 0 native plugins for Editor in 0.00 ms.
Mono: successfully reloaded assembly
- Completed reload, in  0.673 seconds
Platform modules already initialized, skipping
Registering precompiled user dll's ...
Registered in 0.000756 seconds.
Begin MonoManager ReloadAssembly
Native extension for WindowsStandalone target not found
Refreshing native plugins compatible for Editor in 0.31 ms, found 1 plugins.
Preloading 0 native plugins for Editor in 0.00 ms.
Mono: successfully reloaded assembly
- Completed reload, in  0.743 seconds
Platform modules already initialized, skipping
========================================================================
Worker process is ready to serve import requests
Launched and connected shader compiler UnityShaderCompiler.exe after 0.06 seconds
Refreshing native plugins compatible for Editor in 0.29 ms, found 1 plugins.
Preloading 0 native plugins for Editor in 0.00 ms.
Unloading 1766 Unused Serialized files (Serialized files now loaded: 0)
System memory in use before: 83.6 MB.
System memory in use after: 83.7 MB.

Unloading 19 unused Assets to reduce memory usage. Loaded Objects now: 2215.
Total: 1.825000 ms (FindLiveObjects: 0.161800 ms CreateObjectMapping: 0.045200 ms MarkObjects: 1.567100 ms  DeleteObjects: 0.050000 ms)

========================================================================
Received Import Request.
  path: Assets/Resources/UI/TestExample.prefab
  artifactKey: Guid(a0f506d9cbca5bf478b42f3d2b01848f) Importer(815301076,1909f56bfc062723c751e8b465ee728b)
Start importing Assets/Resources/UI/TestExample.prefab using Guid(a0f506d9cbca5bf478b42f3d2b01848f) Importer(815301076,1909f56bfc062723c751e8b465ee728b)  -> (artifact id: 'bd238bea45d56282a0bc7cc61e52dd44') in 0.091238 seconds
  Import took 0.095087 seconds .

========================================================================
Received Import Request.
  Time since last request: 8.074339 seconds.
  path: Assets/Resources/UI/TestExample.prefab
  artifactKey: Guid(a0f506d9cbca5bf478b42f3d2b01848f) Importer(815301076,1909f56bfc062723c751e8b465ee728b)
Start importing Assets/Resources/UI/TestExample.prefab using Guid(a0f506d9cbca5bf478b42f3d2b01848f) Importer(815301076,1909f56bfc062723c751e8b465ee728b)  -> (artifact id: 'fae0a9ae4d76bd4a2f7c86b3fe17c7e0') in 0.021047 seconds
  Import took 0.025481 seconds .

========================================================================
Received Import Request.
  Time since last request: 5.401613 seconds.
  path: Assets/Resources/UI/TestExample.prefab
  artifactKey: Guid(a0f506d9cbca5bf478b42f3d2b01848f) Importer(815301076,1909f56bfc062723c751e8b465ee728b)
Start importing Assets/Resources/UI/TestExample.prefab using Guid(a0f506d9cbca5bf478b42f3d2b01848f) Importer(815301076,1909f56bfc062723c751e8b465ee728b)  -> (artifact id: 'd83770d6567433aa32286d9002d57013') in 0.023644 seconds
  Import took 0.027683 seconds .

========================================================================
Received Import Request.
  Time since last request: 4.003384 seconds.
  path: Assets/Resources/UI/TestExample.prefab
  artifactKey: Guid(a0f506d9cbca5bf478b42f3d2b01848f) Importer(815301076,1909f56bfc062723c751e8b465ee728b)
Start importing Assets/Resources/UI/TestExample.prefab using Guid(a0f506d9cbca5bf478b42f3d2b01848f) Importer(815301076,1909f56bfc062723c751e8b465ee728b)  -> (artifact id: 'ec25344287e13e1755c568373c7c539a') in 0.022958 seconds
  Import took 0.027105 seconds .

========================================================================
Received Import Request.
  Time since last request: 1.985144 seconds.
  path: Assets/Resources/UI/TestExample.prefab
  artifactKey: Guid(a0f506d9cbca5bf478b42f3d2b01848f) Importer(815301076,1909f56bfc062723c751e8b465ee728b)
Start importing Assets/Resources/UI/TestExample.prefab using Guid(a0f506d9cbca5bf478b42f3d2b01848f) Importer(815301076,1909f56bfc062723c751e8b465ee728b)  -> (artifact id: 'f1b898b74c9fcd1c8b0d2bec4b291a64') in 0.022543 seconds
  Import took 0.027716 seconds .

========================================================================
Received Import Request.
  Time since last request: 3.799605 seconds.
  path: Assets/Resources/UI/TestExample.prefab
  artifactKey: Guid(a0f506d9cbca5bf478b42f3d2b01848f) Importer(815301076,1909f56bfc062723c751e8b465ee728b)
Start importing Assets/Resources/UI/TestExample.prefab using Guid(a0f506d9cbca5bf478b42f3d2b01848f) Importer(815301076,1909f56bfc062723c751e8b465ee728b)  -> (artifact id: '220bb74c64ccb560cb8efd5c8f91ed03') in 0.022488 seconds
  Import took 0.026528 seconds .

========================================================================
Received Import Request.
  Time since last request: 13.494073 seconds.
  path: Assets/Resources/UI/TestExample.prefab
  artifactKey: Guid(a0f506d9cbca5bf478b42f3d2b01848f) Importer(815301076,1909f56bfc062723c751e8b465ee728b)
Start importing Assets/Resources/UI/TestExample.prefab using Guid(a0f506d9cbca5bf478b42f3d2b01848f) Importer(815301076,1909f56bfc062723c751e8b465ee728b)  -> (artifact id: '8c093a1d3c9f8f69aab860c16c0e731c') in 0.019527 seconds
  Import took 0.023881 seconds .

========================================================================
Received Import Request.
  Time since last request: 4.412004 seconds.
  path: Assets/Resources/UI/TestExample.prefab
  artifactKey: Guid(a0f506d9cbca5bf478b42f3d2b01848f) Importer(815301076,1909f56bfc062723c751e8b465ee728b)
Start importing Assets/Resources/UI/TestExample.prefab using Guid(a0f506d9cbca5bf478b42f3d2b01848f) Importer(815301076,1909f56bfc062723c751e8b465ee728b)  -> (artifact id: '90d48ca322d347586fd6a9cd72899dc5') in 0.020158 seconds
  Import took 0.024215 seconds .

========================================================================
Received Import Request.
  Time since last request: 5.428082 seconds.
  path: Assets/Resources/UI/TestExample.prefab
  artifactKey: Guid(a0f506d9cbca5bf478b42f3d2b01848f) Importer(815301076,1909f56bfc062723c751e8b465ee728b)
Start importing Assets/Resources/UI/TestExample.prefab using Guid(a0f506d9cbca5bf478b42f3d2b01848f) Importer(815301076,1909f56bfc062723c751e8b465ee728b)  -> (artifact id: '91155f5e92cb052def02f7696fef0bd2') in 0.025374 seconds
  Import took 0.029488 seconds .

========================================================================
Received Import Request.
  Time since last request: 6.730980 seconds.
  path: Assets/Resources/UI/TestExample.prefab
  artifactKey: Guid(a0f506d9cbca5bf478b42f3d2b01848f) Importer(815301076,1909f56bfc062723c751e8b465ee728b)
Start importing Assets/Resources/UI/TestExample.prefab using Guid(a0f506d9cbca5bf478b42f3d2b01848f) Importer(815301076,1909f56bfc062723c751e8b465ee728b)  -> (artifact id: '76baa8deb9f1069bb1276bfbc318ae93') in 0.022919 seconds
  Import took 0.026839 seconds .

========================================================================
Received Import Request.
  Time since last request: 0.000584 seconds.
  path: Assets/Resources/UI/TestExample.prefab
  artifactKey: Guid(a0f506d9cbca5bf478b42f3d2b01848f) Importer(815301076,1909f56bfc062723c751e8b465ee728b)
Start importing Assets/Resources/UI/TestExample.prefab using Guid(a0f506d9cbca5bf478b42f3d2b01848f) Importer(815301076,1909f56bfc062723c751e8b465ee728b)  -> (artifact id: '76baa8deb9f1069bb1276bfbc318ae93') in 0.021657 seconds
  Import took 0.025454 seconds .

========================================================================
Received Import Request.
  Time since last request: 4.371470 seconds.
  path: Assets/Resources/UI/TestExample.prefab
  artifactKey: Guid(a0f506d9cbca5bf478b42f3d2b01848f) Importer(815301076,1909f56bfc062723c751e8b465ee728b)
Start importing Assets/Resources/UI/TestExample.prefab using Guid(a0f506d9cbca5bf478b42f3d2b01848f) Importer(815301076,1909f56bfc062723c751e8b465ee728b)  -> (artifact id: '5c57232c163110ddc805d9c0f8559b5e') in 0.024254 seconds
  Import took 0.028588 seconds .

========================================================================
Received Import Request.
  Time since last request: 27.023599 seconds.
  path: Assets/Resources/UI/TestExample.prefab
  artifactKey: Guid(a0f506d9cbca5bf478b42f3d2b01848f) Importer(815301076,1909f56bfc062723c751e8b465ee728b)
Start importing Assets/Resources/UI/TestExample.prefab using Guid(a0f506d9cbca5bf478b42f3d2b01848f) Importer(815301076,1909f56bfc062723c751e8b465ee728b)  -> (artifact id: '282d1c9614564c6f466a3a1b805a3643') in 0.020663 seconds
  Import took 0.024830 seconds .

========================================================================
Received Import Request.
  Time since last request: 4.814042 seconds.
  path: Assets/Resources/UI/TestExample.prefab
  artifactKey: Guid(a0f506d9cbca5bf478b42f3d2b01848f) Importer(815301076,1909f56bfc062723c751e8b465ee728b)
Start importing Assets/Resources/UI/TestExample.prefab using Guid(a0f506d9cbca5bf478b42f3d2b01848f) Importer(815301076,1909f56bfc062723c751e8b465ee728b)  -> (artifact id: '8c95eaaecce7566ec236725de07f3068') in 0.022223 seconds
  Import took 0.026646 seconds .

========================================================================
Received Prepare
Refreshing native plugins compatible for Editor in 1.43 ms, found 1 plugins.
Preloading 0 native plugins for Editor in 0.00 ms.
Unloading 5 Unused Serialized files (Serialized files now loaded: 0)
System memory in use before: 49.6 MB.
System memory in use after: 49.7 MB.

Unloading 11 unused Assets to reduce memory usage. Loaded Objects now: 2217.
Total: 2.100400 ms (FindLiveObjects: 0.181700 ms CreateObjectMapping: 0.070400 ms MarkObjects: 1.817800 ms  DeleteObjects: 0.029400 ms)

========================================================================
Received Import Request.
  Time since last request: 81.834298 seconds.
  path: Assets/Resources/UI/UIQqty.prefab
  artifactKey: Guid(a0f506d9cbca5bf478b42f3d2b01848f) Importer(815301076,1909f56bfc062723c751e8b465ee728b)
Start importing Assets/Resources/UI/UIQqty.prefab using Guid(a0f506d9cbca5bf478b42f3d2b01848f) Importer(815301076,1909f56bfc062723c751e8b465ee728b)  -> (artifact id: '0d6b37e8103c1abbc98a92ed38b69d2a') in 0.023039 seconds
  Import took 0.027086 seconds .

========================================================================
Received Import Request.
  Time since last request: 0.071614 seconds.
  path: Assets/Resources/UI/UIQqty.prefab
  artifactKey: Guid(a0f506d9cbca5bf478b42f3d2b01848f) Importer(815301076,1909f56bfc062723c751e8b465ee728b)
Start importing Assets/Resources/UI/UIQqty.prefab using Guid(a0f506d9cbca5bf478b42f3d2b01848f) Importer(815301076,1909f56bfc062723c751e8b465ee728b)  -> (artifact id: '0d6b37e8103c1abbc98a92ed38b69d2a') in 0.023358 seconds
  Import took 0.027508 seconds .

========================================================================
Received Import Request.
  Time since last request: 11.003710 seconds.
  path: Assets/Resources/UI/UIQqtyModifier.prefab
  artifactKey: Guid(a0f506d9cbca5bf478b42f3d2b01848f) Importer(815301076,1909f56bfc062723c751e8b465ee728b)
Start importing Assets/Resources/UI/UIQqtyModifier.prefab using Guid(a0f506d9cbca5bf478b42f3d2b01848f) Importer(815301076,1909f56bfc062723c751e8b465ee728b)  -> (artifact id: '7cb125076f4c0147b70913937fefed8a') in 0.022577 seconds
  Import took 0.026497 seconds .

========================================================================
Received Prepare
Refreshing native plugins compatible for Editor in 1.38 ms, found 1 plugins.
Preloading 0 native plugins for Editor in 0.00 ms.
Unloading 5 Unused Serialized files (Serialized files now loaded: 0)
System memory in use before: 49.6 MB.
System memory in use after: 49.7 MB.

Unloading 11 unused Assets to reduce memory usage. Loaded Objects now: 2217.
Total: 1.973100 ms (FindLiveObjects: 0.169000 ms CreateObjectMapping: 0.066900 ms MarkObjects: 1.708900 ms  DeleteObjects: 0.027500 ms)

========================================================================
Received Import Request.
  Time since last request: 10.918416 seconds.
  path: Assets/Resources/UI/UIQqtyModifier.prefab
  artifactKey: Guid(a0f506d9cbca5bf478b42f3d2b01848f) Importer(815301076,1909f56bfc062723c751e8b465ee728b)
Start importing Assets/Resources/UI/UIQqtyModifier.prefab using Guid(a0f506d9cbca5bf478b42f3d2b01848f) Importer(815301076,1909f56bfc062723c751e8b465ee728b)  -> (artifact id: '74431639e767b5a39de368c1b56f23a3') in 0.024888 seconds
  Import took 0.028587 seconds .

AssetImportWorkerClient::OnTransportError - code=2 error=End of file
